<?xml version="1.0" encoding="UTF-8"?>
<!-- Generated by org.testng.reporters.JUnitXMLReporter -->
<testsuite hostname="DESKTOP-OQFUAAD" failures="2" tests="4" name="Functional Regression Test - firefox" time="26.689" errors="0" timestamp="11 Jul 2021 19:15:12 GMT">
  <testcase classname="com.qa.automationpractice.tests.HomePageTest" name="verifyLoggedInUserName" time="0.031">
    <failure type="java.lang.AssertionError" message="expected [Deepa R] but found [null]">
      <![CDATA[java.lang.AssertionError: expected [Deepa R] but found [null]
	at com.qa.automationpractice.tests.HomePageTest.verifyLoggedInUserName(HomePageTest.java:70)
	at java.base/java.util.concurrent.ThreadPoolExecutor.runWorker(ThreadPoolExecutor.java:1130)
	at java.base/java.util.concurrent.ThreadPoolExecutor$Worker.run(ThreadPoolExecutor.java:630)
	at java.base/java.lang.Thread.run(Thread.java:832)
... Removed 16 stack frames]]>
    </failure>
  </testcase> <!-- verifyLoggedInUserName -->
  <testcase classname="com.qa.automationpractice.tests.HomePageTest" name="verifyLoggedInUserName" time="0.039">
    <failure type="java.lang.NullPointerException" message="Cannot invoke &amp;quot;org.openqa.selenium.TakesScreenshot.getScreenshotAs(org.openqa.selenium.OutputType)&amp;quot; because the return value of &amp;quot;com.qa.automationpractice.base.BasePage.getDriver()&amp;quot; is null">
      <![CDATA[java.lang.NullPointerException: Cannot invoke "org.openqa.selenium.TakesScreenshot.getScreenshotAs(org.openqa.selenium.OutputType)" because the return value of "com.qa.automationpractice.base.BasePage.getDriver()" is null
	at com.qa.automationpractice.base.BasePage.getScreenshot(BasePage.java:118)
	at com.qa.automationpractice.listeners.ExtentReportListener.onTestFailure(ExtentReportListener.java:96)
	at java.base/java.util.concurrent.ThreadPoolExecutor.runWorker(ThreadPoolExecutor.java:1130)
	at java.base/java.util.concurrent.ThreadPoolExecutor$Worker.run(ThreadPoolExecutor.java:630)
	at java.base/java.lang.Thread.run(Thread.java:832)
... Removed 7 stack frames]]>
    </failure>
  </testcase> <!-- verifyLoggedInUserName -->
  <testcase classname="com.qa.automationpractice.tests.HomePageTest" name="verifyAccountPageHeaderTest" time="5.045"/>
  <testcase classname="com.qa.automationpractice.tests.HomePageTest" name="verifyHomePageTitleTest" time="7.455"/>
</testsuite> <!-- Functional Regression Test - firefox -->
