<?xml version="1.0" encoding="UTF-8"?>
<!-- Generated by org.testng.reporters.JUnitXMLReporter -->
<testsuite hostname="DESKTOP-OQFUAAD" failures="4" tests="5" name="Functional Regression Test - chrome" time="19.652" errors="0" timestamp="11 Jul 2021 19:15:05 GMT">
  <testcase classname="com.qa.automationpractice.tests.HomePageTest" name="verifyLoggedInUserName" time="0.227">
    <failure type="java.lang.AssertionError" message="expected [Deepa R] but found [null]">
      <![CDATA[java.lang.AssertionError: expected [Deepa R] but found [null]
	at com.qa.automationpractice.tests.HomePageTest.verifyLoggedInUserName(HomePageTest.java:70)
	at java.base/java.util.concurrent.ThreadPoolExecutor.runWorker(ThreadPoolExecutor.java:1130)
	at java.base/java.util.concurrent.ThreadPoolExecutor$Worker.run(ThreadPoolExecutor.java:630)
	at java.base/java.lang.Thread.run(Thread.java:832)
... Removed 16 stack frames]]>
    </failure>
  </testcase> <!-- verifyLoggedInUserName -->
  <testcase classname="com.qa.automationpractice.tests.HomePageTest" name="verifyLoggedInUserName" time="0.426">
    <failure type="java.lang.NullPointerException" message="Cannot invoke &amp;quot;org.openqa.selenium.TakesScreenshot.getScreenshotAs(org.openqa.selenium.OutputType)&amp;quot; because the return value of &amp;quot;com.qa.automationpractice.base.BasePage.getDriver()&amp;quot; is null">
      <![CDATA[java.lang.NullPointerException: Cannot invoke "org.openqa.selenium.TakesScreenshot.getScreenshotAs(org.openqa.selenium.OutputType)" because the return value of "com.qa.automationpractice.base.BasePage.getDriver()" is null
	at com.qa.automationpractice.base.BasePage.getScreenshot(BasePage.java:118)
	at com.qa.automationpractice.listeners.ExtentReportListener.onTestFailure(ExtentReportListener.java:96)
	at java.base/java.util.concurrent.ThreadPoolExecutor.runWorker(ThreadPoolExecutor.java:1130)
	at java.base/java.util.concurrent.ThreadPoolExecutor$Worker.run(ThreadPoolExecutor.java:630)
	at java.base/java.lang.Thread.run(Thread.java:832)
... Removed 7 stack frames]]>
    </failure>
  </testcase> <!-- verifyLoggedInUserName -->
  <testcase classname="com.qa.automationpractice.tests.HomePageTest" name="verifyAccountPageHeaderTest" time="5.201">
    <failure type="java.lang.AssertionError" message="expected [MY ACCOUNT] but found [null]">
      <![CDATA[java.lang.AssertionError: expected [MY ACCOUNT] but found [null]
	at com.qa.automationpractice.tests.HomePageTest.verifyAccountPageHeaderTest(HomePageTest.java:55)
	at java.base/java.util.concurrent.ThreadPoolExecutor.runWorker(ThreadPoolExecutor.java:1130)
	at java.base/java.util.concurrent.ThreadPoolExecutor$Worker.run(ThreadPoolExecutor.java:630)
	at java.base/java.lang.Thread.run(Thread.java:832)
... Removed 16 stack frames]]>
    </failure>
  </testcase> <!-- verifyAccountPageHeaderTest -->
  <testcase classname="com.qa.automationpractice.tests.HomePageTest" name="verifyAccountPageHeaderTest" time="5.217">
    <failure type="java.lang.NullPointerException" message="Cannot invoke &amp;quot;org.openqa.selenium.TakesScreenshot.getScreenshotAs(org.openqa.selenium.OutputType)&amp;quot; because the return value of &amp;quot;com.qa.automationpractice.base.BasePage.getDriver()&amp;quot; is null">
      <![CDATA[java.lang.NullPointerException: Cannot invoke "org.openqa.selenium.TakesScreenshot.getScreenshotAs(org.openqa.selenium.OutputType)" because the return value of "com.qa.automationpractice.base.BasePage.getDriver()" is null
	at com.qa.automationpractice.base.BasePage.getScreenshot(BasePage.java:118)
	at com.qa.automationpractice.listeners.ExtentReportListener.onTestFailure(ExtentReportListener.java:96)
	at java.base/java.util.concurrent.ThreadPoolExecutor.runWorker(ThreadPoolExecutor.java:1130)
	at java.base/java.util.concurrent.ThreadPoolExecutor$Worker.run(ThreadPoolExecutor.java:630)
	at java.base/java.lang.Thread.run(Thread.java:832)
... Removed 7 stack frames]]>
    </failure>
  </testcase> <!-- verifyAccountPageHeaderTest -->
  <testcase classname="com.qa.automationpractice.tests.HomePageTest" name="verifyHomePageTitleTest" time="7.61"/>
</testsuite> <!-- Functional Regression Test - chrome -->
