<?xml version="1.0" encoding="UTF-8"?>
<!-- Generated by org.testng.reporters.JUnitXMLReporter -->
<testsuite hostname="DESKTOP-OQFUAAD" failures="3" tests="7" name="Functional Regression Test" time="67.333" errors="0" timestamp="10 Jul 2021 15:39:53 GMT">
  <testcase classname="com.qa.hubspot.tests.LoginPageTest" name="verifyPageTitleTest" time="0.068"/>
  <testcase classname="com.qa.hubspot.tests.LoginPageTest" name="verifySignInLinkTest" time="0.208"/>
  <testcase classname="com.qa.hubspot.tests.LoginPageTest" name="verifyLoginPageTitleTest" time="1.413"/>
  <testcase classname="com.qa.hubspot.tests.LoginPageTest" name="LoginTest" time="20.141">
    <failure type="org.openqa.selenium.TimeoutException" message="Expected condition failed: waiting for title to be &amp;quot;My account - My Store&amp;quot;. Current title: &amp;quot;Login - My Store&amp;quot; (tried for 20 second(s) with 500 milliseconds interval)
Build info: version: &amp;apos;3.141.59&amp;apos;, revision: &amp;apos;e82be7d358&amp;apos;, time: &amp;apos;2018-11-14T08:17:03&amp;apos;
System info: host: &amp;apos;DESKTOP-OQFUAAD&amp;apos;, ip: &amp;apos;192.168.0.102&amp;apos;, os.name: &amp;apos;Windows 10&amp;apos;, os.arch: &amp;apos;amd64&amp;apos;, os.version: &amp;apos;10.0&amp;apos;, java.version: &amp;apos;15.0.2&amp;apos;
Driver info: org.openqa.selenium.chrome.ChromeDriver
Capabilities {acceptInsecureCerts: false, browserName: chrome, browserVersion: 91.0.4472.114, chrome: {chromedriverVersion: 91.0.4472.101 (af52a90bf870..., userDataDir: C:\Users\SAIDEE~1\AppData\L...}, goog:chromeOptions: {debuggerAddress: localhost:58384}, javascriptEnabled: true, networkConnectionEnabled: false, pageLoadStrategy: normal, platform: WINDOWS, platformName: WINDOWS, proxy: Proxy(), setWindowRect: true, strictFileInteractability: false, timeouts: {implicit: 0, pageLoad: 300000, script: 30000}, unhandledPromptBehavior: dismiss and notify, webauthn:extension:largeBlob: true, webauthn:virtualAuthenticators: true}
Session ID: 7911c61276ba892613d4709cdb2c1df1">
      <![CDATA[org.openqa.selenium.TimeoutException: Expected condition failed: waiting for title to be "My account - My Store". Current title: "Login - My Store" (tried for 20 second(s) with 500 milliseconds interval)
Build info: version: '3.141.59', revision: 'e82be7d358', time: '2018-11-14T08:17:03'
System info: host: 'DESKTOP-OQFUAAD', ip: '192.168.0.102', os.name: 'Windows 10', os.arch: 'amd64', os.version: '10.0', java.version: '15.0.2'
Driver info: org.openqa.selenium.chrome.ChromeDriver
Capabilities {acceptInsecureCerts: false, browserName: chrome, browserVersion: 91.0.4472.114, chrome: {chromedriverVersion: 91.0.4472.101 (af52a90bf870..., userDataDir: C:\Users\SAIDEE~1\AppData\L...}, goog:chromeOptions: {debuggerAddress: localhost:58384}, javascriptEnabled: true, networkConnectionEnabled: false, pageLoadStrategy: normal, platform: WINDOWS, platformName: WINDOWS, proxy: Proxy(), setWindowRect: true, strictFileInteractability: false, timeouts: {implicit: 0, pageLoad: 300000, script: 30000}, unhandledPromptBehavior: dismiss and notify, webauthn:extension:largeBlob: true, webauthn:virtualAuthenticators: true}
Session ID: 7911c61276ba892613d4709cdb2c1df1
	at org.openqa.selenium.support.ui.WebDriverWait.timeoutException(WebDriverWait.java:95)
	at org.openqa.selenium.support.ui.FluentWait.until(FluentWait.java:272)
	at com.qa.hubspot.util.ElementUtil.waitForTitlePresent(ElementUtil.java:32)
	at com.qa.hubspot.page.LoginPage.getMyAccountPageTitle(LoginPage.java:58)
	at com.qa.hubspot.tests.LoginPageTest.LoginTest(LoginPageTest.java:60)
... Removed 24 stack frames]]>
    </failure>
  </testcase> <!-- LoginTest -->
  <testcase classname="com.qa.hubspot.tests.HomePageTest" name="verifyAccountPageHeaderTest" time="5.055">
    <failure type="java.lang.AssertionError" message="expected [MY ACCOUNT] but found [null]">
      <![CDATA[java.lang.AssertionError: expected [MY ACCOUNT] but found [null]
	at com.qa.hubspot.tests.HomePageTest.verifyAccountPageHeaderTest(HomePageTest.java:45)
... Removed 30 stack frames]]>
    </failure>
  </testcase> <!-- verifyAccountPageHeaderTest -->
  <testcase classname="com.qa.hubspot.tests.HomePageTest" name="verifyHomePageTitleTest" time="9.397"/>
  <testcase classname="com.qa.hubspot.tests.HomePageTest" name="verifyLoggedInUserName" time="0.023">
    <failure type="java.lang.AssertionError" message="expected [Deepa R] but found [null]">
      <![CDATA[java.lang.AssertionError: expected [Deepa R] but found [null]
	at com.qa.hubspot.tests.HomePageTest.verifyLoggedInUserName(HomePageTest.java:60)
... Removed 30 stack frames]]>
    </failure>
  </testcase> <!-- verifyLoggedInUserName -->
</testsuite> <!-- Functional Regression Test -->
