<!DOCTYPE html PUBLIC "-//W3C//DTD XHTML 1.1//EN" "http://www.w3.org/TR/xhtml11/DTD/xhtml11.dtd">
<html xmlns="http://www.w3.org/1999/xhtml"><head><title>TestNG Report</title><style type="text/css">table {margin-bottom:10px;border-collapse:collapse;empty-cells:show}th,td {border:1px solid #009;padding:.25em .5em}th {vertical-align:bottom}td {vertical-align:top}table a {font-weight:bold}.stripe td {background-color: #E6EBF9}.num {text-align:right}.passedodd td {background-color: #3F3}.passedeven td {background-color: #0A0}.skippedodd td {background-color: #DDD}.skippedeven td {background-color: #CCC}.failedodd td,.attn {background-color: #F33}.failedeven td,.stripe .attn {background-color: #D00}.stacktrace {white-space:pre;font-family:monospace}.totop {font-size:85%;text-align:center;border-bottom:2px solid #000}</style></head><body><table><tr><th>Test</th><th># Passed</th><th># Skipped</th><th># Failed</th><th>Time (ms)</th><th>Included Groups</th><th>Excluded Groups</th></tr><tr><th colspan="7">Automation Practice Regression Suite</th></tr><tr><td><a href="#t0">Functional Regression Test - chrome</a></td><td class="num">1</td><td class="num">0</td><td class="num attn">2</td><td class="num">19,652</td><td></td><td></td></tr><tr class="stripe"><td><a href="#t1">Functional Regression Test - firefox</a></td><td class="num">2</td><td class="num">0</td><td class="num attn">1</td><td class="num">26,689</td><td></td><td></td></tr><tr><th>Total</th><th class="num">3</th><th class="num">0</th><th class="num attn">3</th><th class="num">46,341</th><th colspan="2"></th></tr></table><table><thead><tr><th>Class</th><th>Method</th><th>Start</th><th>Time (ms)</th></tr></thead><tbody><tr><th colspan="4">Automation Practice Regression Suite</th></tr></tbody><tbody id="t0"><tr><th colspan="4">Functional Regression Test - chrome &#8212; failed</th></tr><tr class="failedeven"><td rowspan="2">com.qa.automationpractice.tests.HomePageTest</td><td><a href="#m0">verifyAccountPageHeaderTest</a></td><td rowspan="1">1626030896830</td><td rowspan="1">5201</td></tr><tr class="failedeven"><td><a href="#m1">verifyLoggedInUserName</a></td><td rowspan="1">1626030896830</td><td rowspan="1">227</td></tr><tr><th colspan="4">Functional Regression Test - chrome &#8212; passed</th></tr><tr class="passedeven"><td rowspan="1">com.qa.automationpractice.tests.HomePageTest</td><td><a href="#m2">verifyHomePageTitleTest</a></td><td rowspan="1">1626030896830</td><td rowspan="1">7610</td></tr></tbody><tbody id="t1"><tr><th colspan="4">Functional Regression Test - firefox &#8212; failed</th></tr><tr class="failedeven"><td rowspan="1">com.qa.automationpractice.tests.HomePageTest</td><td><a href="#m3">verifyLoggedInUserName</a></td><td rowspan="1">1626030903652</td><td rowspan="1">31</td></tr><tr><th colspan="4">Functional Regression Test - firefox &#8212; passed</th></tr><tr class="passedeven"><td rowspan="2">com.qa.automationpractice.tests.HomePageTest</td><td><a href="#m4">verifyAccountPageHeaderTest</a></td><td rowspan="1">1626030903640</td><td rowspan="1">5045</td></tr><tr class="passedeven"><td><a href="#m5">verifyHomePageTitleTest</a></td><td rowspan="1">1626030903646</td><td rowspan="1">7455</td></tr></tbody></table><h2>Functional Regression Test - chrome</h2><h3 id="m0">com.qa.automationpractice.tests.HomePageTest#verifyAccountPageHeaderTest</h3><table class="result"><tr><th>Exception</th></tr><tr><td><div class="stacktrace">java.lang.AssertionError: expected [MY ACCOUNT] but found [null]
	at com.qa.automationpractice.tests.HomePageTest.verifyAccountPageHeaderTest(HomePageTest.java:55)
	at java.base/java.util.concurrent.ThreadPoolExecutor.runWorker(ThreadPoolExecutor.java:1130)
	at java.base/java.util.concurrent.ThreadPoolExecutor$Worker.run(ThreadPoolExecutor.java:630)
	at java.base/java.lang.Thread.run(Thread.java:832)
... Removed 16 stack frames</div></td></tr></table><p class="totop"><a href="#summary">back to summary</a></p><h3 id="m1">com.qa.automationpractice.tests.HomePageTest#verifyLoggedInUserName</h3><table class="result"><tr><th>Exception</th></tr><tr><td><div class="stacktrace">java.lang.AssertionError: expected [Deepa R] but found [null]
	at com.qa.automationpractice.tests.HomePageTest.verifyLoggedInUserName(HomePageTest.java:70)
	at java.base/java.util.concurrent.ThreadPoolExecutor.runWorker(ThreadPoolExecutor.java:1130)
	at java.base/java.util.concurrent.ThreadPoolExecutor$Worker.run(ThreadPoolExecutor.java:630)
	at java.base/java.lang.Thread.run(Thread.java:832)
... Removed 16 stack frames</div></td></tr></table><p class="totop"><a href="#summary">back to summary</a></p><h3 id="m2">com.qa.automationpractice.tests.HomePageTest#verifyHomePageTitleTest</h3><table class="result"></table><p class="totop"><a href="#summary">back to summary</a></p><h2>Functional Regression Test - firefox</h2><h3 id="m3">com.qa.automationpractice.tests.HomePageTest#verifyLoggedInUserName</h3><table class="result"><tr><th>Exception</th></tr><tr><td><div class="stacktrace">java.lang.AssertionError: expected [Deepa R] but found [null]
	at com.qa.automationpractice.tests.HomePageTest.verifyLoggedInUserName(HomePageTest.java:70)
	at java.base/java.util.concurrent.ThreadPoolExecutor.runWorker(ThreadPoolExecutor.java:1130)
	at java.base/java.util.concurrent.ThreadPoolExecutor$Worker.run(ThreadPoolExecutor.java:630)
	at java.base/java.lang.Thread.run(Thread.java:832)
... Removed 16 stack frames</div></td></tr></table><p class="totop"><a href="#summary">back to summary</a></p><h3 id="m4">com.qa.automationpractice.tests.HomePageTest#verifyAccountPageHeaderTest</h3><table class="result"></table><p class="totop"><a href="#summary">back to summary</a></p><h3 id="m5">com.qa.automationpractice.tests.HomePageTest#verifyHomePageTitleTest</h3><table class="result"></table><p class="totop"><a href="#summary">back to summary</a></p></body></html>