<?xml version="1.0" encoding="UTF-8"?>
<testng-results total="6" passed="3" failed="3" skipped="0">
  <reporter-output>
  </reporter-output>
  <suite started-at="2021-07-11T19:14:45Z" name="Automation Practice Regression Suite" finished-at="2021-07-11T19:15:12Z" duration-ms="26689">
    <groups>
      <group name="sanity">
        <method signature="HomePageTest.verifyHomePageTitleTest()[pri:2, instance:com.qa.automationpractice.tests.HomePageTest@7a1a14a4]" name="verifyHomePageTitleTest" class="com.qa.automationpractice.tests.HomePageTest"/>
        <method signature="HomePageTest.verifyLoggedInUserName()[pri:3, instance:com.qa.automationpractice.tests.HomePageTest@7a1a14a4]" name="verifyLoggedInUserName" class="com.qa.automationpractice.tests.HomePageTest"/>
        <method signature="HomePageTest.verifyHomePageTitleTest()[pri:2, instance:com.qa.automationpractice.tests.HomePageTest@2c07545f]" name="verifyHomePageTitleTest" class="com.qa.automationpractice.tests.HomePageTest"/>
        <method signature="HomePageTest.verifyLoggedInUserName()[pri:3, instance:com.qa.automationpractice.tests.HomePageTest@2c07545f]" name="verifyLoggedInUserName" class="com.qa.automationpractice.tests.HomePageTest"/>
      </group> <!-- sanity -->
    </groups>
    <test started-at="2021-07-11T19:14:45Z" name="Functional Regression Test - chrome" finished-at="2021-07-11T19:15:05Z" duration-ms="19652">
      <class name="com.qa.automationpractice.tests.HomePageTest">
        <test-method is-config="true" signature="setUp(java.lang.String)[pri:0, instance:com.qa.automationpractice.tests.HomePageTest@7a1a14a4]" started-at="2021-07-12T00:44:45Z" name="setUp" finished-at="2021-07-12T00:44:56Z" duration-ms="11160" status="PASS">
          <params>
            <param index="0">
              <value>
                <![CDATA[chrome]]>
              </value>
            </param>
          </params>
          <reporter-output>
          </reporter-output>
        </test-method> <!-- setUp -->
        <test-method signature="verifyHomePageTitleTest()[pri:2, instance:com.qa.automationpractice.tests.HomePageTest@7a1a14a4]" started-at="2021-07-12T00:44:56Z" name="verifyHomePageTitleTest" finished-at="2021-07-12T00:45:04Z" duration-ms="7610" status="PASS">
          <reporter-output>
          </reporter-output>
        </test-method> <!-- verifyHomePageTitleTest -->
        <test-method signature="verifyLoggedInUserName()[pri:3, instance:com.qa.automationpractice.tests.HomePageTest@7a1a14a4]" started-at="2021-07-12T00:44:56Z" name="verifyLoggedInUserName" finished-at="2021-07-12T00:44:57Z" duration-ms="227" status="FAIL">
          <exception class="java.lang.AssertionError">
            <message>
              <![CDATA[expected [Deepa R] but found [null]]]>
            </message>
            <full-stacktrace>
              <![CDATA[java.lang.AssertionError: expected [Deepa R] but found [null]
	at org.testng.Assert.fail(Assert.java:94)
	at org.testng.Assert.failNotEquals(Assert.java:513)
	at org.testng.Assert.assertEqualsImpl(Assert.java:130)
	at org.testng.Assert.assertEquals(Assert.java:116)
	at org.testng.Assert.assertEquals(Assert.java:190)
	at org.testng.Assert.assertEquals(Assert.java:200)
	at com.qa.automationpractice.tests.HomePageTest.verifyLoggedInUserName(HomePageTest.java:70)
	at java.base/jdk.internal.reflect.NativeMethodAccessorImpl.invoke0(Native Method)
	at java.base/jdk.internal.reflect.NativeMethodAccessorImpl.invoke(NativeMethodAccessorImpl.java:64)
	at java.base/jdk.internal.reflect.DelegatingMethodAccessorImpl.invoke(DelegatingMethodAccessorImpl.java:43)
	at java.base/java.lang.reflect.Method.invoke(Method.java:564)
	at org.testng.internal.MethodInvocationHelper.invokeMethod(MethodInvocationHelper.java:86)
	at org.testng.internal.Invoker.invokeMethod(Invoker.java:643)
	at org.testng.internal.Invoker.invokeTestMethod(Invoker.java:820)
	at org.testng.internal.Invoker.invokeTestMethods(Invoker.java:1128)
	at org.testng.internal.TestMethodWorker.invokeTestMethods(TestMethodWorker.java:129)
	at org.testng.internal.TestMethodWorker.run(TestMethodWorker.java:112)
	at java.base/java.util.concurrent.ThreadPoolExecutor.runWorker(ThreadPoolExecutor.java:1130)
	at java.base/java.util.concurrent.ThreadPoolExecutor$Worker.run(ThreadPoolExecutor.java:630)
	at java.base/java.lang.Thread.run(Thread.java:832)
]]>
            </full-stacktrace>
          </exception> <!-- java.lang.AssertionError -->
          <reporter-output>
          </reporter-output>
        </test-method> <!-- verifyLoggedInUserName -->
        <test-method signature="verifyAccountPageHeaderTest()[pri:1, instance:com.qa.automationpractice.tests.HomePageTest@7a1a14a4]" started-at="2021-07-12T00:44:56Z" name="verifyAccountPageHeaderTest" finished-at="2021-07-12T00:45:02Z" duration-ms="5201" status="FAIL">
          <exception class="java.lang.AssertionError">
            <message>
              <![CDATA[expected [MY ACCOUNT] but found [null]]]>
            </message>
            <full-stacktrace>
              <![CDATA[java.lang.AssertionError: expected [MY ACCOUNT] but found [null]
	at org.testng.Assert.fail(Assert.java:94)
	at org.testng.Assert.failNotEquals(Assert.java:513)
	at org.testng.Assert.assertEqualsImpl(Assert.java:130)
	at org.testng.Assert.assertEquals(Assert.java:116)
	at org.testng.Assert.assertEquals(Assert.java:190)
	at org.testng.Assert.assertEquals(Assert.java:200)
	at com.qa.automationpractice.tests.HomePageTest.verifyAccountPageHeaderTest(HomePageTest.java:55)
	at java.base/jdk.internal.reflect.NativeMethodAccessorImpl.invoke0(Native Method)
	at java.base/jdk.internal.reflect.NativeMethodAccessorImpl.invoke(NativeMethodAccessorImpl.java:64)
	at java.base/jdk.internal.reflect.DelegatingMethodAccessorImpl.invoke(DelegatingMethodAccessorImpl.java:43)
	at java.base/java.lang.reflect.Method.invoke(Method.java:564)
	at org.testng.internal.MethodInvocationHelper.invokeMethod(MethodInvocationHelper.java:86)
	at org.testng.internal.Invoker.invokeMethod(Invoker.java:643)
	at org.testng.internal.Invoker.invokeTestMethod(Invoker.java:820)
	at org.testng.internal.Invoker.invokeTestMethods(Invoker.java:1128)
	at org.testng.internal.TestMethodWorker.invokeTestMethods(TestMethodWorker.java:129)
	at org.testng.internal.TestMethodWorker.run(TestMethodWorker.java:112)
	at java.base/java.util.concurrent.ThreadPoolExecutor.runWorker(ThreadPoolExecutor.java:1130)
	at java.base/java.util.concurrent.ThreadPoolExecutor$Worker.run(ThreadPoolExecutor.java:630)
	at java.base/java.lang.Thread.run(Thread.java:832)
]]>
            </full-stacktrace>
          </exception> <!-- java.lang.AssertionError -->
          <reporter-output>
          </reporter-output>
        </test-method> <!-- verifyAccountPageHeaderTest -->
        <test-method is-config="true" signature="tearDown()[pri:0, instance:com.qa.automationpractice.tests.HomePageTest@7a1a14a4]" started-at="2021-07-12T00:45:04Z" name="tearDown" finished-at="2021-07-12T00:45:05Z" duration-ms="839" status="PASS">
          <reporter-output>
          </reporter-output>
        </test-method> <!-- tearDown -->
      </class> <!-- com.qa.automationpractice.tests.HomePageTest -->
    </test> <!-- Functional Regression Test - chrome -->
    <test started-at="2021-07-11T19:14:45Z" name="Functional Regression Test - firefox" finished-at="2021-07-11T19:15:12Z" duration-ms="26689">
      <class name="com.qa.automationpractice.tests.HomePageTest">
        <test-method is-config="true" signature="setUp(java.lang.String)[pri:0, instance:com.qa.automationpractice.tests.HomePageTest@2c07545f]" started-at="2021-07-12T00:44:45Z" name="setUp" finished-at="2021-07-12T00:45:03Z" duration-ms="17981" status="PASS">
          <params>
            <param index="0">
              <value>
                <![CDATA[firefox]]>
              </value>
            </param>
          </params>
          <reporter-output>
          </reporter-output>
        </test-method> <!-- setUp -->
        <test-method signature="verifyAccountPageHeaderTest()[pri:1, instance:com.qa.automationpractice.tests.HomePageTest@2c07545f]" started-at="2021-07-12T00:45:03Z" name="verifyAccountPageHeaderTest" finished-at="2021-07-12T00:45:08Z" duration-ms="5045" status="PASS">
          <reporter-output>
          </reporter-output>
        </test-method> <!-- verifyAccountPageHeaderTest -->
        <test-method signature="verifyHomePageTitleTest()[pri:2, instance:com.qa.automationpractice.tests.HomePageTest@2c07545f]" started-at="2021-07-12T00:45:03Z" name="verifyHomePageTitleTest" finished-at="2021-07-12T00:45:11Z" duration-ms="7455" status="PASS">
          <reporter-output>
          </reporter-output>
        </test-method> <!-- verifyHomePageTitleTest -->
        <test-method signature="verifyLoggedInUserName()[pri:3, instance:com.qa.automationpractice.tests.HomePageTest@2c07545f]" started-at="2021-07-12T00:45:03Z" name="verifyLoggedInUserName" finished-at="2021-07-12T00:45:03Z" duration-ms="31" status="FAIL">
          <exception class="java.lang.AssertionError">
            <message>
              <![CDATA[expected [Deepa R] but found [null]]]>
            </message>
            <full-stacktrace>
              <![CDATA[java.lang.AssertionError: expected [Deepa R] but found [null]
	at org.testng.Assert.fail(Assert.java:94)
	at org.testng.Assert.failNotEquals(Assert.java:513)
	at org.testng.Assert.assertEqualsImpl(Assert.java:130)
	at org.testng.Assert.assertEquals(Assert.java:116)
	at org.testng.Assert.assertEquals(Assert.java:190)
	at org.testng.Assert.assertEquals(Assert.java:200)
	at com.qa.automationpractice.tests.HomePageTest.verifyLoggedInUserName(HomePageTest.java:70)
	at java.base/jdk.internal.reflect.NativeMethodAccessorImpl.invoke0(Native Method)
	at java.base/jdk.internal.reflect.NativeMethodAccessorImpl.invoke(NativeMethodAccessorImpl.java:64)
	at java.base/jdk.internal.reflect.DelegatingMethodAccessorImpl.invoke(DelegatingMethodAccessorImpl.java:43)
	at java.base/java.lang.reflect.Method.invoke(Method.java:564)
	at org.testng.internal.MethodInvocationHelper.invokeMethod(MethodInvocationHelper.java:86)
	at org.testng.internal.Invoker.invokeMethod(Invoker.java:643)
	at org.testng.internal.Invoker.invokeTestMethod(Invoker.java:820)
	at org.testng.internal.Invoker.invokeTestMethods(Invoker.java:1128)
	at org.testng.internal.TestMethodWorker.invokeTestMethods(TestMethodWorker.java:129)
	at org.testng.internal.TestMethodWorker.run(TestMethodWorker.java:112)
	at java.base/java.util.concurrent.ThreadPoolExecutor.runWorker(ThreadPoolExecutor.java:1130)
	at java.base/java.util.concurrent.ThreadPoolExecutor$Worker.run(ThreadPoolExecutor.java:630)
	at java.base/java.lang.Thread.run(Thread.java:832)
]]>
            </full-stacktrace>
          </exception> <!-- java.lang.AssertionError -->
          <reporter-output>
          </reporter-output>
        </test-method> <!-- verifyLoggedInUserName -->
        <test-method is-config="true" signature="tearDown()[pri:0, instance:com.qa.automationpractice.tests.HomePageTest@2c07545f]" started-at="2021-07-12T00:45:11Z" name="tearDown" finished-at="2021-07-12T00:45:12Z" duration-ms="1224" status="PASS">
          <reporter-output>
          </reporter-output>
        </test-method> <!-- tearDown -->
      </class> <!-- com.qa.automationpractice.tests.HomePageTest -->
    </test> <!-- Functional Regression Test - firefox -->
  </suite> <!-- Automation Practice Regression Suite -->
</testng-results>
